2018/06/22 21:30:46 INFO  - jmeter.util.JMeterUtils: Setting Locale to en_US 
2018/06/22 21:30:46 INFO  - jmeter.JMeter: Loading user properties from: C:\Users\Mshoieb\Desktop\apache-jmeter-3.1\bin\user.properties 
2018/06/22 21:30:46 INFO  - jmeter.JMeter: Loading system properties from: C:\Users\Mshoieb\Desktop\apache-jmeter-3.1\bin\system.properties 
2018/06/22 21:30:46 INFO  - jmeter.JMeter: Copyright (c) 1998-2016 The Apache Software Foundation 
2018/06/22 21:30:46 INFO  - jmeter.JMeter: Version 3.1 r1770033 
2018/06/22 21:30:46 INFO  - jmeter.JMeter: java.version=1.8.0_144 
2018/06/22 21:30:46 INFO  - jmeter.JMeter: java.vm.name=Java HotSpot(TM) 64-Bit Server VM 
2018/06/22 21:30:46 INFO  - jmeter.JMeter: os.name=Windows 10 
2018/06/22 21:30:46 INFO  - jmeter.JMeter: os.arch=amd64 
2018/06/22 21:30:46 INFO  - jmeter.JMeter: os.version=10.0 
2018/06/22 21:30:46 INFO  - jmeter.JMeter: file.encoding=Cp1252 
2018/06/22 21:30:46 INFO  - jmeter.JMeter: Max memory     =2134376448 
2018/06/22 21:30:46 INFO  - jmeter.JMeter: Available Processors =4 
2018/06/22 21:30:46 INFO  - jmeter.JMeter: Default Locale=English (United States) 
2018/06/22 21:30:46 INFO  - jmeter.JMeter: JMeter  Locale=English (United States) 
2018/06/22 21:30:46 INFO  - jmeter.JMeter: JMeterHome=C:\Users\Mshoieb\Desktop\apache-jmeter-3.1 
2018/06/22 21:30:46 INFO  - jmeter.JMeter: user.dir  =C:\Users\Mshoieb\Desktop\apache-jmeter-3.1\bin 
2018/06/22 21:30:46 INFO  - jmeter.JMeter: PWD       =C:\Users\Mshoieb\Desktop\apache-jmeter-3.1\bin 
2018/06/22 21:30:46 INFO  - jmeter.JMeter: IP: 156.193.9.215 Name: EGY-MShoeib-NB7 FullName: EGY-MShoeib-NB7.STA.com 
2018/06/22 21:30:46 INFO  - jmeter.gui.action.LookAndFeelCommand: Using look and feel: javax.swing.plaf.metal.MetalLookAndFeel [Metal, CrossPlatform] 
2018/06/22 21:30:46 INFO  - jmeter.JMeter: Loaded icon properties from org/apache/jmeter/images/icon.properties 
2018/06/22 21:30:48 INFO  - jmeter.engine.util.CompoundVariable: Note: Function class names must contain the string: '.functions.' 
2018/06/22 21:30:48 INFO  - jmeter.engine.util.CompoundVariable: Note: Function class names must not contain the string: '.gui.' 
2018/06/22 21:30:53 INFO  - org.jmeterplugins.repository.PluginManager: Plugins Status: [jpgc-graphs-basic=2.0, jpgc-graphs-additional=2.0, jpgc-autostop=0.1, jpgc-sense=2.4, jpgc-cmd=2.1, jpgc-graphs-composite=2.0, jpgc-csl=0.1, jpgc-functions=2.0, jpgc-casutg=2.1, jpgc-dbmon=0.1, jpgc-graphs-dist=2.0, jpgc-dummy=0.2, jpgc-filterresults=2.1, jpgc-ffw=2.0, jpgc-ggl=2.0, jpgc-httpraw=0.1, jpgc-sts=2.2, jpgc-fifo=0.2, jpgc-jmxmon=0.2, jpgc-graphs-vs=2.0, jpgc-lockfile=0.1, jpgc-mergeresults=2.1, jpgc-pde=0.1, jpgc-prmctl=0.3, jpgc-perfmon=2.1, jpgc-plugins-manager=0.13, jpgc-webdriver=1.4.0, jpgc-synthesis=2.1, jpgc-tst=2.1, jpgc-udp=0.3, jpgc-csvars=0.1, jpgc-xml=0.1, jmeter-core=3.1, jmeter-ftp=3.1, jmeter-http=3.1, jmeter-jdbc=3.1, jmeter-jms=3.1, jmeter-junit=3.1, jmeter-java=3.1, jmeter-ldap=3.1, jmeter-mail=3.1, jmeter-mongodb=3.1, jmeter-native=3.1, jmeter-tcp=3.1, jmeter-components=3.1, jpgc-standard=2.0] 
2018/06/22 21:30:54 WARN  - jorphan.gui.ObjectTableModel: Header count=13 but classes count=11 
2018/06/22 21:30:54 WARN  - jorphan.gui.ObjectTableModel: Header count=13 but writeFunctor count=11 
2018/06/22 21:30:54 INFO  - jmeter.gui.util.MenuFactory: Skipping org.apache.jmeter.assertions.BSFAssertion 
2018/06/22 21:30:54 INFO  - jmeter.gui.util.MenuFactory: Skipping org.apache.jmeter.extractor.BSFPostProcessor 
2018/06/22 21:30:54 INFO  - jmeter.gui.util.MenuFactory: Skipping org.apache.jmeter.modifiers.BSFPreProcessor 
2018/06/22 21:30:54 INFO  - jmeter.protocol.http.sampler.HTTPSamplerBase: Parser for text/html is org.apache.jmeter.protocol.http.parser.LagartoBasedHtmlParser 
2018/06/22 21:30:54 INFO  - jmeter.protocol.http.sampler.HTTPSamplerBase: Parser for application/xhtml+xml is org.apache.jmeter.protocol.http.parser.LagartoBasedHtmlParser 
2018/06/22 21:30:54 INFO  - jmeter.protocol.http.sampler.HTTPSamplerBase: Parser for application/xml is org.apache.jmeter.protocol.http.parser.LagartoBasedHtmlParser 
2018/06/22 21:30:54 INFO  - jmeter.protocol.http.sampler.HTTPSamplerBase: Parser for text/xml is org.apache.jmeter.protocol.http.parser.LagartoBasedHtmlParser 
2018/06/22 21:30:54 INFO  - jmeter.protocol.http.sampler.HTTPSamplerBase: Parser for text/vnd.wap.wml is org.apache.jmeter.protocol.http.parser.RegexpHTMLParser 
2018/06/22 21:30:54 INFO  - jmeter.protocol.http.sampler.HTTPSamplerBase: Parser for text/css is org.apache.jmeter.protocol.http.parser.CssParser 
2018/06/22 21:30:55 INFO  - jorphan.exec.KeyToolUtils: keytool found at 'keytool' 
2018/06/22 21:30:55 INFO  - jmeter.protocol.http.proxy.ProxyControl: HTTP(S) Test Script Recorder SSL Proxy will use keys that support embedded 3rd party resources in file C:\Users\Mshoieb\Desktop\apache-jmeter-3.1\bin\proxyserver.jks 
2018/06/22 21:30:55 INFO  - jmeter.gui.util.MenuFactory: Skipping org.apache.jmeter.protocol.java.sampler.BSFSampler 
2018/06/22 21:30:55 INFO  - jmeter.gui.util.MenuFactory: Skipping org.apache.jmeter.protocol.mongodb.config.MongoSourceElement 
2018/06/22 21:30:55 INFO  - jmeter.gui.util.MenuFactory: Skipping org.apache.jmeter.protocol.mongodb.sampler.MongoScriptSampler 
2018/06/22 21:30:56 INFO  - jmeter.gui.util.MenuFactory: Skipping org.apache.jmeter.timers.BSFTimer 
2018/06/22 21:30:56 INFO  - jmeter.gui.util.MenuFactory: Skipping org.apache.jmeter.visualizers.BSFListener 
2018/06/22 21:30:56 INFO  - jmeter.gui.util.MenuFactory: Skipping org.apache.jmeter.visualizers.MonitorHealthVisualizer 
2018/06/22 21:30:56 INFO  - jmeter.samplers.SampleResult: Note: Sample TimeStamps are START times 
2018/06/22 21:30:56 INFO  - jmeter.samplers.SampleResult: sampleresult.default.encoding is set to ISO-8859-1 
2018/06/22 21:30:56 INFO  - jmeter.samplers.SampleResult: sampleresult.useNanoTime=true 
2018/06/22 21:30:56 INFO  - jmeter.samplers.SampleResult: sampleresult.nanoThreadSleep=5000 
2018/06/22 21:31:03 INFO  - jmeter.services.FileServer: Default base='C:\Users\Mshoieb\Desktop\apache-jmeter-3.1\bin' 
2018/06/22 21:31:03 INFO  - jmeter.gui.action.Load: Loading file: C:\Users\Mshoieb\Desktop\login-search-add-checkout.jmx 
2018/06/22 21:31:03 INFO  - jmeter.services.FileServer: Set new base='C:\Users\Mshoieb\Desktop' 
2018/06/22 21:31:03 INFO  - jmeter.save.SaveService: Testplan (JMX) version: 2.2. Testlog (JTL) version: 2.2 
2018/06/22 21:31:03 INFO  - jmeter.save.SaveService: Using SaveService properties file encoding UTF-8 
2018/06/22 21:31:03 INFO  - jmeter.save.SaveService: Using SaveService properties version 3.1 
2018/06/22 21:31:03 INFO  - jmeter.save.SaveService: All converter versions present and correct 
2018/06/22 21:31:03 INFO  - jmeter.save.SaveService: Loading file: C:\Users\Mshoieb\Desktop\login-search-add-checkout.jmx 
2018/06/22 21:31:03 INFO  - jmeter.protocol.http.control.CacheManager: Will only cache the following methods: [GET] 
2018/06/22 21:31:03 INFO  - jmeter.protocol.http.control.CookieManager: Settings: Delete null: true Check: true Allow variable: true Save: false Prefix: COOKIE_ 
2018/06/22 21:31:04 INFO  - jmeter.services.FileServer: Set new base='C:\Users\Mshoieb\Desktop' 
