2018-06-24 00:01:43,038 INFO o.a.j.u.JMeterUtils: Setting Locale to en_US
2018-06-24 00:01:43,060 INFO o.a.j.JMeter: Loading user properties from: user.properties
2018-06-24 00:01:43,061 INFO o.a.j.JMeter: Loading system properties from: system.properties
2018-06-24 00:01:43,069 INFO o.a.j.JMeter: Copyright (c) 1998-2017 The Apache Software Foundation
2018-06-24 00:01:43,069 INFO o.a.j.JMeter: Version 3.3 r1808647
2018-06-24 00:01:43,069 INFO o.a.j.JMeter: java.version=1.8.0_144
2018-06-24 00:01:43,069 INFO o.a.j.JMeter: java.vm.name=Java HotSpot(TM) 64-Bit Server VM
2018-06-24 00:01:43,069 INFO o.a.j.JMeter: os.name=Windows 10
2018-06-24 00:01:43,069 INFO o.a.j.JMeter: os.arch=amd64
2018-06-24 00:01:43,069 INFO o.a.j.JMeter: os.version=10.0
2018-06-24 00:01:43,069 INFO o.a.j.JMeter: file.encoding=Cp1252
2018-06-24 00:01:43,070 INFO o.a.j.JMeter: Max memory     =2147483648
2018-06-24 00:01:43,070 INFO o.a.j.JMeter: Available Processors =4
2018-06-24 00:01:43,073 INFO o.a.j.JMeter: Default Locale=English (United States)
2018-06-24 00:01:43,073 INFO o.a.j.JMeter: JMeter  Locale=English (United States)
2018-06-24 00:01:43,073 INFO o.a.j.JMeter: JMeterHome=F:\Git\JumiaPOC\apache-jmeter-3.3
2018-06-24 00:01:43,074 INFO o.a.j.JMeter: user.dir  =F:\Git\JumiaPOC\apache-jmeter-3.3\bin
2018-06-24 00:01:43,074 INFO o.a.j.JMeter: PWD       =F:\Git\JumiaPOC\apache-jmeter-3.3\bin
2018-06-24 00:01:43,076 INFO o.a.j.JMeter: IP: 192.168.43.155 Name: EGY-MShoeib-NB7 FullName: EGY-MShoeib-NB7.STA.com
2018-06-24 00:01:43,245 INFO o.a.j.g.a.LookAndFeelCommand: Using look and feel: javax.swing.plaf.metal.MetalLookAndFeel [Metal, CrossPlatform]
2018-06-24 00:01:43,250 INFO o.a.j.JMeter: Loaded icon properties from org/apache/jmeter/images/icon.properties
2018-06-24 00:01:44,338 INFO o.a.j.e.u.CompoundVariable: Note: Function class names must contain the string: '.functions.'
2018-06-24 00:01:44,339 INFO o.a.j.e.u.CompoundVariable: Note: Function class names must not contain the string: '.gui.'
2018-06-24 00:01:47,269 WARN o.a.j.g.ObjectTableModel: Header count=13 but classes count=11
2018-06-24 00:01:47,270 WARN o.a.j.g.ObjectTableModel: Header count=13 but writeFunctor count=11
2018-06-24 00:01:47,671 INFO o.a.j.g.u.MenuFactory: Skipping org.apache.jmeter.assertions.BSFAssertion
2018-06-24 00:01:47,802 INFO o.a.j.g.u.MenuFactory: Skipping org.apache.jmeter.extractor.BSFPostProcessor
2018-06-24 00:01:47,835 INFO o.a.j.g.u.MenuFactory: Skipping org.apache.jmeter.modifiers.BSFPreProcessor
2018-06-24 00:01:47,859 INFO o.a.j.p.h.s.HTTPSamplerBase: Parser for text/html is org.apache.jmeter.protocol.http.parser.LagartoBasedHtmlParser
2018-06-24 00:01:47,860 INFO o.a.j.p.h.s.HTTPSamplerBase: Parser for application/xhtml+xml is org.apache.jmeter.protocol.http.parser.LagartoBasedHtmlParser
2018-06-24 00:01:47,860 INFO o.a.j.p.h.s.HTTPSamplerBase: Parser for application/xml is org.apache.jmeter.protocol.http.parser.LagartoBasedHtmlParser
2018-06-24 00:01:47,860 INFO o.a.j.p.h.s.HTTPSamplerBase: Parser for text/xml is org.apache.jmeter.protocol.http.parser.LagartoBasedHtmlParser
2018-06-24 00:01:47,860 INFO o.a.j.p.h.s.HTTPSamplerBase: Parser for text/vnd.wap.wml is org.apache.jmeter.protocol.http.parser.RegexpHTMLParser
2018-06-24 00:01:47,860 INFO o.a.j.p.h.s.HTTPSamplerBase: Parser for text/css is org.apache.jmeter.protocol.http.parser.CssParser
2018-06-24 00:01:48,608 INFO o.a.j.e.KeyToolUtils: keytool found at 'keytool'
2018-06-24 00:01:48,609 INFO o.a.j.p.h.p.ProxyControl: HTTP(S) Test Script Recorder SSL Proxy will use keys that support embedded 3rd party resources in file F:\Git\JumiaPOC\apache-jmeter-3.3\bin\proxyserver.jks
2018-06-24 00:01:48,803 INFO o.a.j.g.u.MenuFactory: Skipping org.apache.jmeter.protocol.java.sampler.BSFSampler
2018-06-24 00:01:48,861 INFO o.a.j.s.FileServer: Default base='F:\Git\JumiaPOC\apache-jmeter-3.3\bin'
2018-06-24 00:01:48,926 INFO o.a.j.g.u.MenuFactory: Skipping org.apache.jmeter.protocol.mongodb.config.MongoSourceElement
2018-06-24 00:01:48,927 INFO o.a.j.g.u.MenuFactory: Skipping org.apache.jmeter.protocol.mongodb.sampler.MongoScriptSampler
2018-06-24 00:01:49,516 INFO o.a.j.g.u.MenuFactory: Skipping org.apache.jmeter.timers.BSFTimer
2018-06-24 00:01:49,539 INFO o.a.j.g.u.MenuFactory: Skipping org.apache.jmeter.visualizers.BSFListener
2018-06-24 00:01:49,678 INFO o.a.j.s.SampleResult: Note: Sample TimeStamps are START times
2018-06-24 00:01:49,679 INFO o.a.j.s.SampleResult: sampleresult.default.encoding is set to ISO-8859-1
2018-06-24 00:01:49,679 INFO o.a.j.s.SampleResult: sampleresult.useNanoTime=true
2018-06-24 00:01:49,679 INFO o.a.j.s.SampleResult: sampleresult.nanoThreadSleep=5000
2018-06-24 00:01:53,489 INFO o.j.r.PluginManager: Plugins Status: [jpgc-graphs-basic=2.0, jpgc-graphs-additional=2.0, jpgc-autostop=0.1, jpgc-sense=3.4, jpgc-cmd=2.1, jpgc-graphs-composite=2.0, jpgc-csl=0.1, jpgc-functions=2.0, jpgc-casutg=2.5, jpgc-dbmon=0.1, jpgc-graphs-dist=2.0, jpgc-dummy=0.2, jpgc-filterresults=2.1, jpgc-ffw=2.0, jpgc-ggl=2.0, jpgc-httpraw=0.1, jpgc-sts=2.2, jpgc-fifo=0.2, jpgc-jmxmon=0.2, jpgc-graphs-vs=2.0, jpgc-lockfile=0.1, jpgc-mergeresults=2.1, jpgc-pde=0.1, jpgc-prmctl=0.3, jpgc-perfmon=2.1, jpgc-plugins-manager=0.18, bzm-random-csv=0.5, jpgc-webdriver=2.3, jpgc-synthesis=2.1, jpgc-tst=2.1, jpgc-udp=0.3, jpgc-csvars=0.1, jpgc-xml=0.1, jmeter-core=3.3, jmeter-ftp=3.3, jmeter-http=3.3, jmeter-jdbc=3.3, jmeter-jms=3.3, jmeter-junit=3.3, jmeter-java=3.3, jmeter-ldap=3.3, jmeter-mail=3.3, jmeter-mongodb=3.3, jmeter-native=3.3, jmeter-tcp=3.3, jmeter-components=3.3, jpgc-standard=2.0]
2018-06-24 00:01:53,493 INFO o.j.r.PluginManagerMenuItem: Plugins Manager has upgrades: [jpgc-functions, jpgc-sts, jpgc-prmctl, jpgc-plugins-manager, bzm-random-csv, jpgc-tst]
2018-06-24 00:02:02,258 INFO o.a.j.g.a.Load: Loading file: F:\Git\JumiaPOC\JumiaPOC.jmx
2018-06-24 00:02:02,258 INFO o.a.j.s.FileServer: Set new base='F:\Git\JumiaPOC'
2018-06-24 00:02:02,408 INFO o.a.j.s.SaveService: Testplan (JMX) version: 2.2. Testlog (JTL) version: 2.2
2018-06-24 00:02:02,413 INFO o.a.j.s.SaveService: Using SaveService properties file encoding UTF-8
2018-06-24 00:02:02,414 INFO o.a.j.s.SaveService: Using SaveService properties version 3.2
2018-06-24 00:02:02,424 INFO o.a.j.s.SaveService: Loading file: F:\Git\JumiaPOC\JumiaPOC.jmx
2018-06-24 00:02:02,635 INFO o.a.j.p.h.c.CacheManager: Will only cache the following methods: [GET]
2018-06-24 00:02:02,636 INFO o.a.j.p.h.c.CookieManager: Settings: Delete null: true Check: true Allow variable: true Save: false Prefix: COOKIE_
2018-06-24 00:02:03,041 INFO o.a.j.s.FileServer: Set new base='F:\Git\JumiaPOC'
2018-06-24 00:02:11,093 INFO o.a.j.e.StandardJMeterEngine: Running the test!
2018-06-24 00:02:11,094 INFO o.a.j.s.SampleEvent: List of sample_variables: []
2018-06-24 00:02:11,094 INFO o.a.j.s.SampleEvent: List of sample_variables: []
2018-06-24 00:02:11,104 INFO o.a.j.g.u.JMeterMenuBar: setRunning(true, *local*)
2018-06-24 00:02:11,397 INFO o.a.j.e.StandardJMeterEngine: Starting ThreadGroup: 1 : Search - Add - Checkout - Login - Remove
2018-06-24 00:02:11,397 INFO o.a.j.e.StandardJMeterEngine: Starting 1 threads for group Search - Add - Checkout - Login - Remove.
2018-06-24 00:02:11,397 INFO o.a.j.e.StandardJMeterEngine: Thread will stop on error
2018-06-24 00:02:11,398 INFO o.a.j.t.ThreadGroup: Starting thread group... number=1 threads=1 ramp-up=1 perThread=1000.0 delayedStart=false
2018-06-24 00:02:11,402 INFO o.a.j.t.ThreadGroup: Started thread group number 1
2018-06-24 00:02:11,402 INFO o.a.j.e.StandardJMeterEngine: Starting ThreadGroup: 2 : login verification
2018-06-24 00:02:11,402 INFO o.a.j.e.StandardJMeterEngine: Starting 1 threads for group login verification.
2018-06-24 00:02:11,402 INFO o.a.j.e.StandardJMeterEngine: Thread will stop on error
2018-06-24 00:02:11,403 INFO o.a.j.t.ThreadGroup: Starting thread group... number=2 threads=1 ramp-up=1 perThread=1000.0 delayedStart=false
2018-06-24 00:02:11,403 INFO o.a.j.t.ThreadGroup: Started thread group number 2
2018-06-24 00:02:11,403 INFO o.a.j.e.StandardJMeterEngine: All thread groups have been started
2018-06-24 00:02:11,411 INFO o.a.j.t.JMeterThread: Thread started: Search - Add - Checkout - Login - Remove 1-1
2018-06-24 00:02:11,411 INFO o.a.j.t.JMeterThread: Thread started: login verification 2-1
2018-06-24 00:02:11,415 INFO o.a.j.s.FileServer: Stored: LoginData.csv
2018-06-24 00:02:11,429 INFO o.a.j.p.h.s.HTTPHCAbstractImpl: Local host = EGY-MShoeib-NB7
2018-06-24 00:02:11,435 INFO o.a.j.p.h.s.HTTPHC4Impl: HTTP request retry count = 0
2018-06-24 00:02:11,518 INFO o.a.j.p.h.s.LazySchemeSocketFactory: Setting up HTTPS TrustAll Socket Factory
2018-06-24 00:02:11,520 INFO o.a.j.u.JsseSSLManager: Using default SSL protocol: TLS
2018-06-24 00:02:11,520 INFO o.a.j.u.JsseSSLManager: SSL session context: per-thread
2018-06-24 00:02:11,526 INFO o.a.j.u.SSLManager: JmeterKeyStore Location:  type JKS
2018-06-24 00:02:11,527 INFO o.a.j.u.SSLManager: KeyStore created OK
2018-06-24 00:02:11,527 WARN o.a.j.u.SSLManager: Keystore file not found, loading empty keystore
2018-06-24 00:02:15,867 INFO o.a.j.t.JMeterThread: Thread is done: login verification 2-1
2018-06-24 00:02:15,867 INFO o.a.j.t.JMeterThread: Thread finished: login verification 2-1
2018-06-24 00:02:50,800 INFO o.a.j.t.JMeterThread: Thread is done: Search - Add - Checkout - Login - Remove 1-1
2018-06-24 00:02:50,801 INFO o.a.j.t.JMeterThread: Thread finished: Search - Add - Checkout - Login - Remove 1-1
2018-06-24 00:02:50,801 INFO o.a.j.e.StandardJMeterEngine: Notifying test listeners of end of test
2018-06-24 00:02:50,802 INFO o.a.j.s.FileServer: Close: LoginData.csv
2018-06-24 00:02:50,802 INFO o.a.j.g.u.JMeterMenuBar: setRunning(false, *local*)
2018-06-24 00:03:10,314 INFO o.a.j.e.StandardJMeterEngine: Running the test!
2018-06-24 00:03:10,314 INFO o.a.j.s.SampleEvent: List of sample_variables: []
2018-06-24 00:03:10,318 INFO o.a.j.g.u.JMeterMenuBar: setRunning(true, *local*)
2018-06-24 00:03:10,565 INFO o.a.j.e.StandardJMeterEngine: Starting ThreadGroup: 1 : Search - Add - Checkout - Login - Remove
2018-06-24 00:03:10,566 INFO o.a.j.e.StandardJMeterEngine: Starting 1 threads for group Search - Add - Checkout - Login - Remove.
2018-06-24 00:03:10,566 INFO o.a.j.e.StandardJMeterEngine: Thread will stop on error
2018-06-24 00:03:10,566 INFO o.a.j.t.ThreadGroup: Starting thread group... number=1 threads=1 ramp-up=1 perThread=1000.0 delayedStart=false
2018-06-24 00:03:10,568 INFO o.a.j.t.ThreadGroup: Started thread group number 1
2018-06-24 00:03:10,568 INFO o.a.j.e.StandardJMeterEngine: Starting ThreadGroup: 2 : login verification
2018-06-24 00:03:10,568 INFO o.a.j.e.StandardJMeterEngine: Starting 1 threads for group login verification.
2018-06-24 00:03:10,568 INFO o.a.j.e.StandardJMeterEngine: Thread will stop on error
2018-06-24 00:03:10,568 INFO o.a.j.t.ThreadGroup: Starting thread group... number=2 threads=1 ramp-up=1 perThread=1000.0 delayedStart=false
2018-06-24 00:03:10,569 INFO o.a.j.t.ThreadGroup: Started thread group number 2
2018-06-24 00:03:10,569 INFO o.a.j.e.StandardJMeterEngine: All thread groups have been started
2018-06-24 00:03:10,581 INFO o.a.j.t.JMeterThread: Thread started: login verification 2-1
2018-06-24 00:03:10,581 INFO o.a.j.s.FileServer: Stored: LoginData.csv
2018-06-24 00:03:10,582 INFO o.a.j.t.JMeterThread: Thread started: Search - Add - Checkout - Login - Remove 1-1
2018-06-24 00:03:12,573 INFO o.a.j.t.JMeterThread: Thread is done: login verification 2-1
2018-06-24 00:03:12,573 INFO o.a.j.t.JMeterThread: Thread finished: login verification 2-1
2018-06-24 00:03:44,981 INFO o.a.j.t.JMeterThread: Thread is done: Search - Add - Checkout - Login - Remove 1-1
2018-06-24 00:03:44,981 INFO o.a.j.t.JMeterThread: Thread finished: Search - Add - Checkout - Login - Remove 1-1
2018-06-24 00:03:44,982 INFO o.a.j.e.StandardJMeterEngine: Notifying test listeners of end of test
2018-06-24 00:03:44,982 INFO o.a.j.s.FileServer: Close: LoginData.csv
2018-06-24 00:03:44,982 INFO o.a.j.g.u.JMeterMenuBar: setRunning(false, *local*)
